# JRE version: Java(TM) SE Runtime Environment (11.0.2+9) (build 11.0.2+9-LTS)
# Java VM: Java HotSpot(TM) 64-Bit Server VM (11.0.2+9-LTS, mixed mode, tiered, compressed oops, g1 gc, windows-amd64)
Heap:
 garbage-first heap   total 315392K, used 202584K [0x0000000700e00000, 0x0000000800000000)
  region size 1024K, 69 young (70656K), 19 survivors (19456K)
 Metaspace       used 68128K, capacity 71651K, committed 71856K, reserved 1114112K
  class space    used 7218K, capacity 8187K, committed 8192K, reserved 1048576K
GC Heap History (10 events):
Event: 2.980 GC heap before
{Heap before GC invocations=4 (full 0):
 garbage-first heap   total 262144K, used 58202K [0x0000000700e00000, 0x0000000800000000)
  region size 1024K, 47 young (48128K), 3 survivors (3072K)
 Metaspace       used 34089K, capacity 34837K, committed 34992K, reserved 1081344K
  class space    used 3748K, capacity 4048K, committed 4096K, reserved 1048576K
}
Event: 2.984 GC heap after
{Heap after GC invocations=5 (full 0):
 garbage-first heap   total 262144K, used 18492K [0x0000000700e00000, 0x0000000800000000)
  region size 1024K, 6 young (6144K), 6 survivors (6144K)
 Metaspace       used 34089K, capacity 34837K, committed 34992K, reserved 1081344K
  class space    used 3748K, capacity 4048K, committed 4096K, reserved 1048576K
}
Event: 3.001 GC heap before
{Heap before GC invocations=5 (full 0):
 garbage-first heap   total 262144K, used 24636K [0x0000000700e00000, 0x0000000800000000)
  region size 1024K, 9 young (9216K), 6 survivors (6144K)
 Metaspace       used 35050K, capacity 35744K, committed 35920K, reserved 1081344K
  class space    used 3764K, capacity 4048K, committed 4096K, reserved 1048576K
}
Event: 3.005 GC heap after
{Heap after GC invocations=6 (full 0):
 garbage-first heap   total 262144K, used 20363K [0x0000000700e00000, 0x0000000800000000)
  region size 1024K, 6 young (6144K), 6 survivors (6144K)
 Metaspace       used 35050K, capacity 35744K, committed 35920K, reserved 1081344K
  class space    used 3764K, capacity 4048K, committed 4096K, reserved 1048576K
}
Event: 3.652 GC heap before
{Heap before GC invocations=7 (full 0):
 garbage-first heap   total 262144K, used 114571K [0x0000000700e00000, 0x0000000800000000)
  region size 1024K, 94 young (96256K), 6 survivors (6144K)
 Metaspace       used 46734K, capacity 47500K, committed 47664K, reserved 1091584K
  class space    used 4799K, capacity 5132K, committed 5248K, reserved 1048576K
}
Event: 3.659 GC heap after
{Heap after GC invocations=8 (full 0):
 garbage-first heap   total 262144K, used 28722K [0x0000000700e00000, 0x0000000800000000)
  region size 1024K, 11 young (11264K), 11 survivors (11264K)
 Metaspace       used 46734K, capacity 47500K, committed 47664K, reserved 1091584K
  class space    used 4799K, capacity 5132K, committed 5248K, reserved 1048576K
}
Event: 5.061 GC heap before
{Heap before GC invocations=9 (full 0):
 garbage-first heap   total 262144K, used 205874K [0x0000000700e00000, 0x0000000800000000)
  region size 1024K, 153 young (156672K), 11 survivors (11264K)
 Metaspace       used 58848K, capacity 59818K, committed 59952K, reserved 1101824K
  class space    used 6272K, capacity 6686K, committed 6784K, reserved 1048576K
}
Event: 5.088 GC heap after
{Heap after GC invocations=10 (full 0):
 garbage-first heap   total 315392K, used 82986K [0x0000000700e00000, 0x0000000800000000)
  region size 1024K, 20 young (20480K), 20 survivors (20480K)
 Metaspace       used 58848K, capacity 59818K, committed 59952K, reserved 1101824K
  class space    used 6272K, capacity 6686K, committed 6784K, reserved 1048576K
}
Event: 5.869 GC heap before
{Heap before GC invocations=10 (full 0):
 garbage-first heap   total 315392K, used 214058K [0x0000000700e00000, 0x0000000800000000)
  region size 1024K, 145 young (148480K), 20 survivors (20480K)
 Metaspace       used 63474K, capacity 65433K, committed 65712K, reserved 1107968K
  class space    used 6787K, capacity 7340K, committed 7424K, reserved 1048576K
}
Event: 5.887 GC heap after
{Heap after GC invocations=11 (full 0):
 garbage-first heap   total 315392K, used 151384K [0x0000000700e00000, 0x0000000800000000)
  region size 1024K, 19 young (19456K), 19 survivors (19456K)
 Metaspace       used 63474K, capacity 65433K, committed 65712K, reserved 1107968K
  class space    used 6787K, capacity 7340K, committed 7424K, reserved 1048576K
}

